django.utils.autoreload INFO 2025-02-23 20:07:36,782 autoreload 15820 30324 Watching for file changes with StatReloader
django.server INFO 2025-02-23 20:07:37,856 basehttp 15820 14752 "GET / HTTP/1.1" 302 0
django.server INFO 2025-02-23 20:07:37,920 basehttp 15820 14752 "GET /accounts/login/ HTTP/1.1" 200 1424
django.server WARNING 2025-02-23 20:07:38,002 basehttp 15820 14752 "GET /static/css/styles.css HTTP/1.1" 404 1969
django INFO 2025-02-23 20:07:46,441 views 15820 12640 User logged in: matt44
django.server INFO 2025-02-23 20:07:46,514 basehttp 15820 12640 "POST /accounts/login/ HTTP/1.1" 302 0
django.server INFO 2025-02-23 20:07:46,547 basehttp 15820 12640 "GET /home/ HTTP/1.1" 200 1616
django.server WARNING 2025-02-23 20:07:46,603 basehttp 15820 12640 "GET /static/css/styles.css HTTP/1.1" 404 1969
django INFO 2025-02-23 20:07:47,963 views 15820 26944 User logged out: matt44
django.server INFO 2025-02-23 20:07:47,964 basehttp 15820 26944 "GET /home/accounts/logout/ HTTP/1.1" 302 0
django.server INFO 2025-02-23 20:07:47,972 basehttp 15820 26944 "GET /home/accounts/login/ HTTP/1.1" 200 1424
django.server WARNING 2025-02-23 20:07:48,041 basehttp 15820 26944 "GET /static/css/styles.css HTTP/1.1" 404 1969
django INFO 2025-02-23 20:20:32,602 views 23296 29116 Logout by an unauthenticated user or session end.
django INFO 2025-02-23 20:23:59,029 views 26484 25848 Logout by an unauthenticated user or session end.
django INFO 2025-02-23 20:24:00,304 views 26484 25848 User logged in: testuser
django INFO 2025-02-23 20:24:00,331 views 26484 25848 User deleted account: testuser
django INFO 2025-02-23 20:24:00,969 views 26484 25848 User logged in: testuser
django INFO 2025-02-23 20:24:00,994 views 26484 25848 User deleted account: testuser
django INFO 2025-02-23 20:24:01,639 views 26484 25848 User logged in: testuser
django INFO 2025-02-23 20:24:01,668 views 26484 25848 User deleted account: testuser
django INFO 2025-02-23 20:24:01,974 views 26484 25848 Failed login attempt for username: testuser
django INFO 2025-02-23 20:24:03,254 views 26484 25848 User logged in: testuser
django INFO 2025-02-23 20:24:05,211 views 26484 25848 User logged in: testuser
django INFO 2025-02-23 20:24:05,234 views 26484 25848 User logged out: testuser
django INFO 2025-02-23 20:24:05,884 views 26484 25848 User logged in: newuser
django INFO 2025-02-23 20:24:05,904 views 26484 25848 New user signed up: newuser
django INFO 2025-02-23 20:24:06,544 views 26484 25848 Failed login attempt for username: TESTUSER
django INFO 2025-02-23 20:24:07,185 views 26484 25848 Failed login attempt for username: TESTUSER@EXAMPLE.COM
django INFO 2025-02-23 20:24:08,469 views 26484 25848 User logged in: testuser
django WARNING 2025-02-23 20:24:08,813 views 26484 25848 Failed signup attempt.
django INFO 2025-02-23 20:24:09,781 views 26484 25848 User logged in: newuser
django INFO 2025-02-23 20:24:09,809 views 26484 25848 New user signed up: newuser
django WARNING 2025-02-23 20:24:10,132 views 26484 25848 Failed signup attempt.
django INFO 2025-02-23 20:24:10,779 views 26484 25848 Failed login attempt for username: ' OR '1'='1
django WARNING 2025-02-23 20:24:11,105 views 26484 25848 Failed signup attempt.
django WARNING 2025-02-23 20:24:11,422 views 26484 25848 Failed signup attempt.
django.utils.autoreload INFO 2025-02-23 20:28:59,188 autoreload 11460 28428 Watching for file changes with StatReloader
django.server INFO 2025-02-23 20:29:00,398 basehttp 11460 7604 "GET / HTTP/1.1" 302 0
django.server INFO 2025-02-23 20:29:00,439 basehttp 11460 7604 "GET /accounts/login/ HTTP/1.1" 200 1424
django.server WARNING 2025-02-23 20:29:00,597 basehttp 11460 7604 "GET /static/css/styles.css HTTP/1.1" 404 1969
django INFO 2025-02-23 20:29:09,409 views 11460 24784 User logged in: matt44
django.server INFO 2025-02-23 20:29:09,457 basehttp 11460 24784 "POST /accounts/login/ HTTP/1.1" 302 0
django.server INFO 2025-02-23 20:29:09,484 basehttp 11460 24784 "GET /home/ HTTP/1.1" 200 1616
django.server WARNING 2025-02-23 20:29:09,531 basehttp 11460 24784 "GET /static/css/styles.css HTTP/1.1" 404 1969
django.server INFO 2025-02-23 20:29:11,863 basehttp 11460 14932 "GET /home/accounts/update_profile/ HTTP/1.1" 200 1541
django.server WARNING 2025-02-23 20:29:11,905 basehttp 11460 14932 "GET /static/css/styles.css HTTP/1.1" 404 1969
django INFO 2025-02-23 20:29:14,568 views 11460 20788 User updated profile (username & email): matt4
django.server INFO 2025-02-23 20:29:14,568 basehttp 11460 20788 "POST /home/accounts/update_profile/ HTTP/1.1" 302 0
django.server INFO 2025-02-23 20:29:14,588 basehttp 11460 20788 "GET /home/ HTTP/1.1" 200 1614
django.server WARNING 2025-02-23 20:29:14,643 basehttp 11460 20788 "GET /static/css/styles.css HTTP/1.1" 404 1969
django INFO 2025-02-23 20:29:15,646 views 11460 30192 User logged out: matt4
django.server INFO 2025-02-23 20:29:15,648 basehttp 11460 30192 "GET /home/accounts/logout/ HTTP/1.1" 302 0
django.server INFO 2025-02-23 20:29:15,654 basehttp 11460 30192 "GET /home/accounts/login/ HTTP/1.1" 200 1424
django.server WARNING 2025-02-23 20:29:15,723 basehttp 11460 30192 "GET /static/css/styles.css HTTP/1.1" 404 1969
django INFO 2025-02-23 20:29:22,945 views 11460 24964 User logged in: matt4
django.server INFO 2025-02-23 20:29:22,993 basehttp 11460 24964 "POST /home/accounts/login/ HTTP/1.1" 302 0
django.server INFO 2025-02-23 20:29:23,014 basehttp 11460 24964 "GET /home/ HTTP/1.1" 200 1614
django.server WARNING 2025-02-23 20:29:23,065 basehttp 11460 24964 "GET /static/css/styles.css HTTP/1.1" 404 1969
django INFO 2025-02-23 20:29:27,041 views 11460 14188 User logged out: matt4
django.server INFO 2025-02-23 20:29:27,042 basehttp 11460 14188 "GET /home/accounts/logout/ HTTP/1.1" 302 0
django.server INFO 2025-02-23 20:29:27,049 basehttp 11460 14188 "GET /home/accounts/login/ HTTP/1.1" 200 1424
django.server WARNING 2025-02-23 20:29:27,113 basehttp 11460 14188 "GET /static/css/styles.css HTTP/1.1" 404 1969
django.utils.autoreload INFO 2025-02-24 13:15:15,606 autoreload 11368 2344 Watching for file changes with StatReloader
django.server INFO 2025-02-24 13:15:16,940 basehttp 11368 24064 "GET / HTTP/1.1" 302 0
django.server INFO 2025-02-24 13:15:17,008 basehttp 11368 24064 "GET /accounts/login/ HTTP/1.1" 200 1424
django.server WARNING 2025-02-24 13:15:17,151 basehttp 11368 24064 "GET /static/css/styles.css HTTP/1.1" 404 1969
django INFO 2025-02-24 13:15:27,108 views 11368 26568 Failed login attempt for username: matt44
django.server INFO 2025-02-24 13:15:27,111 basehttp 11368 26568 "POST /accounts/login/ HTTP/1.1" 200 1582
django.server WARNING 2025-02-24 13:15:27,155 basehttp 11368 26568 "GET /static/css/styles.css HTTP/1.1" 404 1969
django INFO 2025-02-24 13:15:33,154 views 11368 28088 Failed login attempt for username: matt44
django.server INFO 2025-02-24 13:15:33,157 basehttp 11368 28088 "POST /accounts/login/ HTTP/1.1" 200 1582
django.server WARNING 2025-02-24 13:15:33,200 basehttp 11368 28088 "GET /static/css/styles.css HTTP/1.1" 404 1969
django INFO 2025-02-24 13:15:39,828 views 11368 28324 User logged in: matt4
django.server INFO 2025-02-24 13:15:39,887 basehttp 11368 28324 "POST /accounts/login/ HTTP/1.1" 302 0
django.server INFO 2025-02-24 13:15:39,931 basehttp 11368 28324 "GET /home/ HTTP/1.1" 200 1587
django.server WARNING 2025-02-24 13:15:39,970 basehttp 11368 28324 "GET /static/css/styles.css HTTP/1.1" 404 1969
django.request ERROR 2025-02-24 13:15:42,183 log 11368 23944 Internal Server Error: /home/accounts/view_data/
Traceback (most recent call last):
  File "C:\Users\dight\miniconda3\Lib\site-packages\django\template\backends\django.py", line 107, in render
    return self.template.render(context)
           ^^^^^^^^^^^^^^^^^^^^^^^^^^^^^
  File "C:\Users\dight\miniconda3\Lib\site-packages\django\template\base.py", line 171, in render
    return self._render(context)
           ^^^^^^^^^^^^^^^^^^^^^
  File "C:\Users\dight\miniconda3\Lib\site-packages\django\template\base.py", line 163, in _render
    return self.nodelist.render(context)
           ^^^^^^^^^^^^^^^^^^^^^^^^^^^^^
  File "C:\Users\dight\miniconda3\Lib\site-packages\django\template\base.py", line 1008, in render
    return SafeString("".join([node.render_annotated(context) for node in self]))
                               ^^^^^^^^^^^^^^^^^^^^^^^^^^^^^^
  File "C:\Users\dight\miniconda3\Lib\site-packages\django\template\base.py", line 969, in render_annotated
    return self.render(context)
           ^^^^^^^^^^^^^^^^^^^^
  File "C:\Users\dight\miniconda3\Lib\site-packages\django\template\loader_tags.py", line 134, in render
    compiled_parent = self.get_parent(context)
                      ^^^^^^^^^^^^^^^^^^^^^^^^
  File "C:\Users\dight\miniconda3\Lib\site-packages\django\template\loader_tags.py", line 131, in get_parent
    return self.find_template(parent, context)
           ^^^^^^^^^^^^^^^^^^^^^^^^^^^^^^^^^^^
  File "C:\Users\dight\miniconda3\Lib\site-packages\django\template\loader_tags.py", line 109, in find_template
    template, origin = context.template.engine.find_template(
                       ^^^^^^^^^^^^^^^^^^^^^^^^^^^^^^^^^^^^^^
  File "C:\Users\dight\miniconda3\Lib\site-packages\django\template\engine.py", line 163, in find_template
    raise TemplateDoesNotExist(name, tried=tried)
django.template.exceptions.TemplateDoesNotExist: base.html

The above exception was the direct cause of the following exception:

Traceback (most recent call last):
  File "C:\Users\dight\miniconda3\Lib\site-packages\django\core\handlers\exception.py", line 55, in inner
    response = get_response(request)
               ^^^^^^^^^^^^^^^^^^^^^
  File "C:\Users\dight\miniconda3\Lib\site-packages\django\core\handlers\base.py", line 197, in _get_response
    response = wrapped_callback(request, *callback_args, **callback_kwargs)
               ^^^^^^^^^^^^^^^^^^^^^^^^^^^^^^^^^^^^^^^^^^^^^^^^^^^^^^^^^^^^
  File "C:\Users\dight\Documents\coursework\GroupSoftware\cloneofRep\Group-Engineering-Project\SustainableApplication\home\views.py", line 271, in view_user_data
    return render(request, "registration/view_user_data.html", context)
           ^^^^^^^^^^^^^^^^^^^^^^^^^^^^^^^^^^^^^^^^^^^^^^^^^^^^^^^^^^^^
  File "C:\Users\dight\miniconda3\Lib\site-packages\django\shortcuts.py", line 25, in render
    content = loader.render_to_string(template_name, context, request, using=using)
              ^^^^^^^^^^^^^^^^^^^^^^^^^^^^^^^^^^^^^^^^^^^^^^^^^^^^^^^^^^^^^^^^^^^^^
  File "C:\Users\dight\miniconda3\Lib\site-packages\django\template\loader.py", line 62, in render_to_string
    return template.render(context, request)
           ^^^^^^^^^^^^^^^^^^^^^^^^^^^^^^^^^
  File "C:\Users\dight\miniconda3\Lib\site-packages\django\template\backends\django.py", line 109, in render
    reraise(exc, self.backend)
  File "C:\Users\dight\miniconda3\Lib\site-packages\django\template\backends\django.py", line 130, in reraise
    raise new from exc
django.template.exceptions.TemplateDoesNotExist: base.html
django.server ERROR 2025-02-24 13:15:42,193 basehttp 11368 23944 "GET /home/accounts/view_data/ HTTP/1.1" 500 142408
django.utils.autoreload INFO 2025-02-24 13:17:38,889 autoreload 3452 8080 Watching for file changes with StatReloader
django.server INFO 2025-02-24 13:17:39,987 basehttp 3452 23384 "GET / HTTP/1.1" 302 0
django.server INFO 2025-02-24 13:17:40,027 basehttp 3452 23384 "GET /accounts/login/ HTTP/1.1" 200 1424
django.server WARNING 2025-02-24 13:17:40,108 basehttp 3452 23384 "GET /static/css/styles.css HTTP/1.1" 404 1969
django INFO 2025-02-24 13:17:46,817 views 3452 13968 User logged in: matt4
django.server INFO 2025-02-24 13:17:46,874 basehttp 3452 13968 "POST /accounts/login/ HTTP/1.1" 302 0
django.server INFO 2025-02-24 13:17:46,903 basehttp 3452 13968 "GET /home/ HTTP/1.1" 200 1587
django.server WARNING 2025-02-24 13:17:46,953 basehttp 3452 13968 "GET /static/css/styles.css HTTP/1.1" 404 1969
django.server INFO 2025-02-24 13:17:48,099 basehttp 3452 10008 "GET /home/accounts/view_data/ HTTP/1.1" 200 2208
django.server WARNING 2025-02-24 13:17:48,215 basehttp 3452 10008 "GET /static/css/styles.css HTTP/1.1" 404 1969
django.server INFO 2025-02-24 13:17:57,864 basehttp 3452 916 "GET /home/ HTTP/1.1" 200 1587
django.server WARNING 2025-02-24 13:17:57,921 basehttp 3452 916 "GET /static/css/styles.css HTTP/1.1" 404 1969
django.utils.autoreload INFO 2025-02-24 13:19:11,552 autoreload 32848 12708 Watching for file changes with StatReloader
django.server INFO 2025-02-24 13:19:12,395 basehttp 32848 11696 "GET /home/accounts/view_data/ HTTP/1.1" 200 2208
django.server WARNING 2025-02-24 13:19:12,501 basehttp 32848 11696 "GET /static/css/styles.css HTTP/1.1" 404 1969
django.server INFO 2025-02-24 13:19:12,647 basehttp 32848 27812 "GET / HTTP/1.1" 302 0
django.server INFO 2025-02-24 13:19:12,680 basehttp 32848 27812 "GET /accounts/login/ HTTP/1.1" 200 1424
django.server WARNING 2025-02-24 13:19:12,767 basehttp 32848 27812 "GET /static/css/styles.css HTTP/1.1" 404 1969
django.utils.autoreload INFO 2025-02-24 13:25:03,991 autoreload 14096 19804 Watching for file changes with StatReloader
django.server INFO 2025-02-24 13:25:05,075 basehttp 14096 10876 "GET / HTTP/1.1" 302 0
django.server INFO 2025-02-24 13:25:05,108 basehttp 14096 10876 "GET /accounts/login/ HTTP/1.1" 200 1424
django.server WARNING 2025-02-24 13:25:05,227 basehttp 14096 10876 "GET /static/css/styles.css HTTP/1.1" 404 1969
django INFO 2025-02-24 13:25:13,203 views 14096 1708 User logged in: matt4
django.server INFO 2025-02-24 13:25:13,258 basehttp 14096 1708 "POST /accounts/login/ HTTP/1.1" 302 0
django.server INFO 2025-02-24 13:25:13,290 basehttp 14096 1708 "GET /home/ HTTP/1.1" 200 1587
django.server WARNING 2025-02-24 13:25:13,360 basehttp 14096 1708 "GET /static/css/styles.css HTTP/1.1" 404 1969
django.server INFO 2025-02-24 13:25:14,523 basehttp 14096 30088 "GET /home/accounts/view_data/ HTTP/1.1" 200 1878
django.server WARNING 2025-02-24 13:25:14,581 basehttp 14096 30088 "GET /static/css/styles.css HTTP/1.1" 404 1969
django.utils.autoreload INFO 2025-02-24 13:33:09,757 autoreload 14096 19804 C:\Users\dight\Documents\coursework\GroupSoftware\cloneofRep\Group-Engineering-Project\SustainableApplication\home\views.py changed, reloading.
django.utils.autoreload INFO 2025-02-24 13:33:10,500 autoreload 5944 10572 Watching for file changes with StatReloader
django.utils.autoreload INFO 2025-02-24 13:42:11,247 autoreload 24940 6736 Watching for file changes with StatReloader
django.server INFO 2025-02-24 13:42:12,540 basehttp 24940 25460 "GET / HTTP/1.1" 302 0
django.server INFO 2025-02-24 13:42:12,570 basehttp 24940 25460 "GET /accounts/login/ HTTP/1.1" 200 1424
django.server WARNING 2025-02-24 13:42:12,704 basehttp 24940 25460 "GET /static/css/styles.css HTTP/1.1" 404 1969
django.utils.autoreload INFO 2025-02-24 13:44:05,363 autoreload 1288 20032 Watching for file changes with StatReloader
django.server INFO 2025-02-24 13:44:06,291 basehttp 1288 33612 "GET / HTTP/1.1" 302 0
django.server INFO 2025-02-24 13:44:06,341 basehttp 1288 33612 "GET /accounts/login/ HTTP/1.1" 200 1424
django.server WARNING 2025-02-24 13:44:06,438 basehttp 1288 33612 "GET /static/css/styles.css HTTP/1.1" 404 1969
django INFO 2025-02-24 13:44:14,283 views 1288 22028 User logged in: matt4
django.server INFO 2025-02-24 13:44:14,363 basehttp 1288 22028 "POST /accounts/login/ HTTP/1.1" 302 0
django.server INFO 2025-02-24 13:44:14,407 basehttp 1288 22028 "GET /home/ HTTP/1.1" 200 1587
django.server WARNING 2025-02-24 13:44:14,471 basehttp 1288 22028 "GET /static/css/styles.css HTTP/1.1" 404 1969
django INFO 2025-02-24 13:44:16,330 views 1288 29572 User asked for personal data stored: matt4
django.server INFO 2025-02-24 13:44:16,350 basehttp 1288 29572 "GET /home/accounts/view_data/ HTTP/1.1" 200 2109
django.server WARNING 2025-02-24 13:44:16,404 basehttp 1288 29572 "GET /static/css/styles.css HTTP/1.1" 404 1969
django.server INFO 2025-02-24 13:44:24,032 basehttp 1288 25308 "GET /home/ HTTP/1.1" 200 1587
django.server WARNING 2025-02-24 13:44:24,082 basehttp 1288 25308 "GET /static/css/styles.css HTTP/1.1" 404 1969
django INFO 2025-02-24 13:45:58,056 views 1288 34744 User asked for personal data stored: matt4
django.server INFO 2025-02-24 13:45:58,075 basehttp 1288 34744 "GET /home/accounts/view_data/ HTTP/1.1" 200 2235
django.server WARNING 2025-02-24 13:45:58,141 basehttp 1288 34744 "GET /static/css/styles.css HTTP/1.1" 404 1969
django.server INFO 2025-02-24 13:46:04,047 basehttp 1288 34588 "GET /home/ HTTP/1.1" 200 1587
django.server WARNING 2025-02-24 13:46:04,094 basehttp 1288 34588 "GET /static/css/styles.css HTTP/1.1" 404 1969
django INFO 2025-02-24 13:46:06,089 views 1288 30576 User logged out: matt4
django.server INFO 2025-02-24 13:46:06,089 basehttp 1288 30576 "GET /home/accounts/logout/ HTTP/1.1" 302 0
django.server INFO 2025-02-24 13:46:06,101 basehttp 1288 30576 "GET /home/accounts/login/ HTTP/1.1" 200 1424
django.server WARNING 2025-02-24 13:46:06,157 basehttp 1288 30576 "GET /static/css/styles.css HTTP/1.1" 404 1969
django INFO 2025-02-24 14:07:16,830 views 13796 15936 Logout by an unauthenticated user or session end.
django INFO 2025-02-24 14:07:18,118 views 13796 15936 User logged in: testuser
django INFO 2025-02-24 14:07:18,149 views 13796 15936 User deleted account: testuser
django INFO 2025-02-24 14:07:18,777 views 13796 15936 User logged in: testuser
django INFO 2025-02-24 14:07:18,793 views 13796 15936 User deleted account: testuser
django INFO 2025-02-24 14:07:19,436 views 13796 15936 User logged in: testuser
django INFO 2025-02-24 14:07:19,467 views 13796 15936 User deleted account: testuser
django INFO 2025-02-24 14:07:19,782 views 13796 15936 Failed login attempt for username: testuser
django INFO 2025-02-24 14:07:21,039 views 13796 15936 User logged in: testuser
django INFO 2025-02-24 14:07:23,004 views 13796 15936 User logged in: testuser
django INFO 2025-02-24 14:07:23,020 views 13796 15936 User logged out: testuser
django INFO 2025-02-24 14:07:23,695 views 13796 15936 User logged in: newuser
django INFO 2025-02-24 14:07:23,711 views 13796 15936 New user signed up: newuser
django INFO 2025-02-24 14:07:24,369 views 13796 15936 Failed login attempt for username: TESTUSER
django INFO 2025-02-24 14:07:25,030 views 13796 15936 Failed login attempt for username: TESTUSER@EXAMPLE.COM
django INFO 2025-02-24 14:07:26,271 views 13796 15936 User logged in: testuser
django WARNING 2025-02-24 14:07:26,602 views 13796 15936 Failed signup attempt.
django INFO 2025-02-24 14:07:27,560 views 13796 15936 User logged in: newuser
django INFO 2025-02-24 14:07:27,591 views 13796 15936 New user signed up: newuser
django WARNING 2025-02-24 14:07:27,905 views 13796 15936 Failed signup attempt.
django INFO 2025-02-24 14:07:28,549 views 13796 15936 Failed login attempt for username: ' OR '1'='1
django WARNING 2025-02-24 14:07:28,879 views 13796 15936 Failed signup attempt.
django WARNING 2025-02-24 14:07:29,178 views 13796 15936 Failed signup attempt.
django INFO 2025-02-24 14:07:29,807 views 13796 15936 User logged in: matt4
django INFO 2025-02-24 14:07:30,508 views 13796 15936 User logged in: matt4
django INFO 2025-02-24 14:07:31,142 views 13796 15936 User logged in: matt4
django INFO 2025-02-24 14:08:21,705 views 34276 20188 Logout by an unauthenticated user or session end.
django INFO 2025-02-24 14:08:23,056 views 34276 20188 User logged in: testuser
django INFO 2025-02-24 14:08:23,088 views 34276 20188 User deleted account: testuser
django INFO 2025-02-24 14:08:23,731 views 34276 20188 User logged in: testuser
django INFO 2025-02-24 14:08:23,747 views 34276 20188 User deleted account: testuser
django INFO 2025-02-24 14:08:24,423 views 34276 20188 User logged in: testuser
django INFO 2025-02-24 14:08:24,438 views 34276 20188 User deleted account: testuser
django INFO 2025-02-24 14:08:24,831 views 34276 20188 Failed login attempt for username: testuser
django INFO 2025-02-24 14:08:26,211 views 34276 20188 User logged in: testuser
django INFO 2025-02-24 14:08:28,145 views 34276 20188 User logged in: testuser
django INFO 2025-02-24 14:08:28,160 views 34276 20188 User logged out: testuser
django INFO 2025-02-24 14:08:28,805 views 34276 20188 User logged in: newuser
django INFO 2025-02-24 14:08:28,837 views 34276 20188 New user signed up: newuser
django INFO 2025-02-24 14:08:29,496 views 34276 20188 Failed login attempt for username: TESTUSER
django INFO 2025-02-24 14:08:30,139 views 34276 20188 Failed login attempt for username: TESTUSER@EXAMPLE.COM
django INFO 2025-02-24 14:08:31,428 views 34276 20188 User logged in: testuser
django WARNING 2025-02-24 14:08:31,758 views 34276 20188 Failed signup attempt.
django INFO 2025-02-24 14:08:32,700 views 34276 20188 User logged in: newuser
django INFO 2025-02-24 14:08:32,716 views 34276 20188 New user signed up: newuser
django WARNING 2025-02-24 14:08:33,038 views 34276 20188 Failed signup attempt.
django INFO 2025-02-24 14:08:33,659 views 34276 20188 Failed login attempt for username: ' OR '1'='1
django WARNING 2025-02-24 14:08:33,973 views 34276 20188 Failed signup attempt.
django WARNING 2025-02-24 14:08:34,303 views 34276 20188 Failed signup attempt.
django INFO 2025-02-24 14:08:34,948 views 34276 20188 User logged in: matt4
django INFO 2025-02-24 14:08:34,979 views 34276 20188 User asked for personal data stored: matt4
django INFO 2025-02-24 14:08:35,623 views 34276 20188 User logged in: matt4
django INFO 2025-02-24 14:08:35,655 views 34276 20188 User asked for personal data stored: matt4
django INFO 2025-02-24 14:08:36,314 views 34276 20188 User logged in: matt4
django INFO 2025-02-24 14:08:36,346 views 34276 20188 User asked for personal data stored: matt4
django INFO 2025-02-24 14:30:19,872 views 31660 7048 Logout by an unauthenticated user or session end.
django INFO 2025-02-24 14:30:20,812 views 31660 7048 User logged in: testuser
django INFO 2025-02-24 14:30:21,788 views 31660 7048 User logged in: testuser
django INFO 2025-02-24 14:30:21,813 views 31660 7048 User logged out: testuser
django INFO 2025-02-24 14:30:22,473 views 31660 7048 User logged in: newuser
django INFO 2025-02-24 14:30:22,490 views 31660 7048 New user signed up: newuser
django INFO 2025-02-24 14:30:23,132 views 31660 7048 User logged in: testuser
django INFO 2025-02-24 14:30:24,115 views 31660 7048 User logged in: newuser
django INFO 2025-02-24 14:30:24,141 views 31660 7048 New user signed up: newuser
django WARNING 2025-02-24 14:30:24,456 views 31660 7048 Failed signup attempt.
django INFO 2025-02-24 14:30:25,085 views 31660 7048 User logged in: matt4
django INFO 2025-02-24 14:30:25,118 views 31660 7048 User asked for personal data stored: matt4
django INFO 2025-02-24 14:39:14,240 views 4804 8620 Logout by an unauthenticated user or session end.
django INFO 2025-02-24 14:39:15,579 views 4804 8620 User logged in: testuser
django INFO 2025-02-24 14:39:15,612 views 4804 8620 User deleted account: testuser
django INFO 2025-02-24 14:39:16,250 views 4804 8620 User logged in: testuser
django INFO 2025-02-24 14:39:16,273 views 4804 8620 User deleted account: testuser
django INFO 2025-02-24 14:39:16,912 views 4804 8620 User logged in: testuser
django INFO 2025-02-24 14:39:16,936 views 4804 8620 User deleted account: testuser
django INFO 2025-02-24 14:39:17,245 views 4804 8620 Failed login attempt for username: testuser
django INFO 2025-02-24 14:39:18,543 views 4804 8620 User logged in: testuser
django INFO 2025-02-24 14:39:20,492 views 4804 8620 User logged in: testuser
django INFO 2025-02-24 14:39:20,516 views 4804 8620 User logged out: testuser
django INFO 2025-02-24 14:39:21,157 views 4804 8620 User logged in: newuser
django INFO 2025-02-24 14:39:21,182 views 4804 8620 New user signed up: newuser
django INFO 2025-02-24 14:39:21,803 views 4804 8620 Failed login attempt for username: TESTUSER
django INFO 2025-02-24 14:39:22,425 views 4804 8620 Failed login attempt for username: TESTUSER@EXAMPLE.COM
django INFO 2025-02-24 14:39:23,689 views 4804 8620 User logged in: testuser
django WARNING 2025-02-24 14:39:24,026 views 4804 8620 Failed signup attempt.
django INFO 2025-02-24 14:39:25,006 views 4804 8620 User logged in: newuser
django INFO 2025-02-24 14:39:25,023 views 4804 8620 New user signed up: newuser
django WARNING 2025-02-24 14:39:25,353 views 4804 8620 Failed signup attempt.
django INFO 2025-02-24 14:39:25,975 views 4804 8620 Failed login attempt for username: ' OR '1'='1
django WARNING 2025-02-24 14:39:26,299 views 4804 8620 Failed signup attempt.
django WARNING 2025-02-24 14:39:26,613 views 4804 8620 Failed signup attempt.
django INFO 2025-02-24 14:39:27,226 views 4804 8620 User logged in: matt4
django INFO 2025-02-24 14:39:27,259 views 4804 8620 User asked for personal data stored: matt4
django INFO 2025-02-24 14:39:27,915 views 4804 8620 User logged in: matt4
django INFO 2025-02-24 14:39:27,965 views 4804 8620 User asked for personal data stored: matt4
django INFO 2025-02-24 14:39:28,633 views 4804 8620 User logged in: matt4
django INFO 2025-02-24 14:39:28,674 views 4804 8620 User asked for personal data stored: matt4
